<?xml version="1.0" encoding="UTF-8"?>
<!-- Generated by org.testng.reporters.JUnitReportReporter -->
<testsuite hostname="DESKTOP-89ALS6Q" failures="0" tests="1" name="cucumberOptions.TestRunner" time="31.714" errors="0" timestamp="2020-04-21T16:03:25 CDT" skipped="0">
  <testcase classname="cucumberOptions.TestRunner" name="feature" time="31.714"/>
  <system-out/>
</testsuite> <!-- cucumberOptions.TestRunner -->
