<?xml version="1.0" encoding="UTF-8"?>
<!-- Generated by org.testng.reporters.JUnitReportReporter -->
<testsuite hostname="DESKTOP-89ALS6Q" failures="0" tests="1" name="TestCases.validateTitle" time="12.116" errors="0" timestamp="30 Mar 2020 23:59:42 GMT">
  <testcase classname="TestCases.validateTitle" name="basePageNavigation" time="12.116"/>
</testsuite> <!-- TestCases.validateTitle -->
