<?xml version="1.0" encoding="UTF-8"?>
<!-- Generated by org.testng.reporters.JUnitReportReporter -->
<testsuite hostname="DESKTOP-89ALS6Q" failures="0" tests="1" name="TestCases.validateNavLink" time="0.207" errors="0" timestamp="2020-04-09T18:45:06 CDT" skipped="0">
  <testcase classname="TestCases.validateNavLink" name="validateNavLink" time="0.207"/>
  <system-out/>
</testsuite> <!-- TestCases.validateNavLink -->
