<?xml version="1.0" encoding="UTF-8"?>
<!-- Generated by org.testng.reporters.JUnitReportReporter -->
<testsuite hostname="DESKTOP-89ALS6Q" failures="0" tests="2" name="TestCases.validateText" time="5.401" errors="0" timestamp="2020-04-09T18:50:39 CDT" skipped="0">
  <testcase classname="TestCases.validateText" name="validateBtn" time="5.252"/>
  <system-out/>
  <testcase classname="TestCases.validateText" name="validateText" time="0.149"/>
  <system-out/>
</testsuite> <!-- TestCases.validateText -->
