<?xml version="1.0" encoding="UTF-8"?>
<!-- Generated by org.testng.reporters.JUnitReportReporter -->
<testsuite hostname="DESKTOP-89ALS6Q" failures="0" tests="2" name="TestCases.HomePage" time="16.247" errors="0" timestamp="2020-04-09T18:45:06 CDT" skipped="0">
  <testcase classname="TestCases.HomePage" name="basePageNavigation" time="9.980"/>
  <system-out/>
  <testcase classname="TestCases.HomePage" name="basePageNavigation" time="6.267"/>
  <system-out/>
</testsuite> <!-- TestCases.HomePage -->
