<?xml version="1.0" encoding="UTF-8"?>
<!-- Generated by org.testng.reporters.JUnitReportReporter -->
<testsuite hostname="DESKTOP-89ALS6Q" failures="0" tests="1" name="TestCases.validateNavLink" time="1.296" errors="0" timestamp="10 Apr 2020 20:07:28 GMT">
  <testcase classname="TestCases.validateNavLink" name="validateNavLink" time="1.296"/>
</testsuite> <!-- TestCases.validateNavLink -->
