<?xml version="1.0" encoding="UTF-8"?>
<!-- Generated by org.testng.reporters.JUnitReportReporter -->
<testsuite hostname="DESKTOP-89ALS6Q" failures="0" tests="2" name="TestCases.validateText" time="7.045" errors="0" timestamp="10 Apr 2020 20:07:28 GMT">
  <testcase classname="TestCases.validateText" name="validateBtn" time="6.864"/>
  <testcase classname="TestCases.validateText" name="validateText" time="0.181"/>
</testsuite> <!-- TestCases.validateText -->
