<?xml version="1.0" encoding="UTF-8"?>
<!-- Generated by org.testng.reporters.JUnitReportReporter -->
<testsuite hostname="DESKTOP-89ALS6Q" failures="0" tests="1" name="cucumberOptions.TestRunner" time="32.232" errors="0" timestamp="21 Apr 2020 21:04:26 GMT">
  <testcase classname="cucumberOptions.TestRunner" name="feature" time="32.232"/>
</testsuite> <!-- cucumberOptions.TestRunner -->
