<?xml version="1.0" encoding="UTF-8"?>
<!-- Generated by org.testng.reporters.JUnitReportReporter -->
<testsuite hostname="DESKTOP-89ALS6Q" failures="0" tests="2" name="TestCases.HomePage" time="28.218" errors="0" timestamp="10 Apr 2020 20:07:28 GMT">
  <testcase classname="TestCases.HomePage" name="basePageNavigation" time="21.478"/>
  <testcase classname="TestCases.HomePage" name="basePageNavigation" time="6.740"/>
</testsuite> <!-- TestCases.HomePage -->
